<?xml version="1.0" encoding="UTF-8"?>
<testsuite name="org.example.simulation.AnimalTest" tests="5" skipped="0" failures="0" errors="0" timestamp="2024-06-12T19:17:36" hostname="DESKTOP-IRAT9GB" time="0.019">
  <properties/>
  <testcase name="testSetAndGetCol()" classname="org.example.simulation.AnimalTest" time="0.012"/>
  <testcase name="testSetAndGetRow()" classname="org.example.simulation.AnimalTest" time="0.001"/>
  <testcase name="testIsValidMove()" classname="org.example.simulation.AnimalTest" time="0.001"/>
  <testcase name="testAnimalInitialization()" classname="org.example.simulation.AnimalTest" time="0.001"/>
  <testcase name="testGetRandomDirection()" classname="org.example.simulation.AnimalTest" time="0.001"/>
  <system-out><![CDATA[]]></system-out>
  <system-err><![CDATA[]]></system-err>
</testsuite>
